<?xml version="1.0" encoding="UTF-8" ?>
<testsuite failures="9" time="10.812" errors="0" skipped="0" tests="9" name="PdrzhLoginNGTest">
  <properties>
    <property name="java.runtime.name" value="Java(TM) SE Runtime Environment"/>
    <property name="sun.boot.library.path" value="C:\Program Files (x86)\Java\jdk1.7.0_15\jre\bin"/>
    <property name="java.vm.version" value="23.7-b01"/>
    <property name="java.vm.vendor" value="Oracle Corporation"/>
    <property name="java.vendor.url" value="http://java.oracle.com/"/>
    <property name="path.separator" value=";"/>
    <property name="guice.disable.misplaced.annotation.check" value="true"/>
    <property name="java.vm.name" value="Java HotSpot(TM) Client VM"/>
    <property name="file.encoding.pkg" value="sun.io"/>
    <property name="user.script" value=""/>
    <property name="user.country" value="US"/>
    <property name="sun.java.launcher" value="SUN_STANDARD"/>
    <property name="sun.os.patch.level" value="Service Pack 1"/>
    <property name="test" value="PdrzhLoginNGTest"/>
    <property name="java.vm.specification.name" value="Java Virtual Machine Specification"/>
    <property name="user.dir" value="C:\Users\Viacheslav_Tkach@epam.com\Documents\podorozhniki\git\PDRZH_tests"/>
    <property name="java.runtime.version" value="1.7.0_15-b03"/>
    <property name="java.awt.graphicsenv" value="sun.awt.Win32GraphicsEnvironment"/>
    <property name="java.endorsed.dirs" value="C:\Program Files (x86)\Java\jdk1.7.0_15\jre\lib\endorsed"/>
    <property name="os.arch" value="x86"/>
    <property name="java.io.tmpdir" value="C:\Users\VIACHE~1.COM\AppData\Local\Temp\"/>
    <property name="line.separator" value="
"/>
    <property name="java.vm.specification.vendor" value="Oracle Corporation"/>
    <property name="user.variant" value=""/>
    <property name="os.name" value="Windows 7"/>
    <property name="classworlds.conf" value="C:\Program Files (x86)\NetBeans 7.3.1\java\maven\bin\m2.conf"/>
    <property name="sun.jnu.encoding" value="Cp1251"/>
    <property name="java.library.path" value="C:\Program Files (x86)\Java\jdk1.7.0_15\bin;C:\WINDOWS\Sun\Java\bin;C:\WINDOWS\system32;C:\WINDOWS;C:\oraclexe\app\oracle\product\10.2.0\server\bin;C:\WINDOWS\system32;C:\WINDOWS;C:\WINDOWS\System32\Wbem;C:\WINDOWS\System32\WindowsPowerShell\v1.0\;C:\Program Files\TortoiseSVN\bin;C:\Program Files (x86)\apache-maven\apache-maven-3.0.5\bin;C:\Program Files (x86)\Java\jdk1.7.0_15\bin;C:\Program Files\Microsoft\Web Platform Installer\;C:\Program Files (x86)\Microsoft ASP.NET\ASP.NET Web Pages\v1.0\;C:\Program Files (x86)\Windows Kits\8.0\Windows Performance Toolkit\;C:\Program Files\Microsoft SQL Server\110\Tools\Binn\;C:\Program Files\Microsoft SQL Server\110\DTS\Binn\;C:\Program Files (x86)\Microsoft SQL Server\110\Tools\Binn\;C:\Program Files (x86)\Microsoft SQL Server\110\Tools\Binn\ManagementStudio\;C:\Program Files (x86)\Microsoft Visual Studio 10.0\Common7\IDE\PrivateAssemblies\;C:\Program Files (x86)\Microsoft SQL Server\110\DTS\Binn\;."/>
    <property name="java.specification.name" value="Java Platform API Specification"/>
    <property name="java.class.version" value="51.0"/>
    <property name="sun.management.compiler" value="HotSpot Client Compiler"/>
    <property name="os.version" value="6.1"/>
    <property name="user.home" value="C:\Users\Viacheslav_Tkach@epam.com"/>
    <property name="user.timezone" value="Europe/Helsinki"/>
    <property name="java.awt.printerjob" value="sun.awt.windows.WPrinterJob"/>
    <property name="java.specification.version" value="1.7"/>
    <property name="file.encoding" value="Cp1251"/>
    <property name="user.name" value="Viacheslav_Tkach"/>
    <property name="java.class.path" value="C:\Program Files (x86)\NetBeans 7.3.1\java\maven\boot\plexus-classworlds-2.4.jar"/>
    <property name="java.vm.specification.version" value="1.7"/>
    <property name="sun.arch.data.model" value="32"/>
    <property name="java.home" value="C:\Program Files (x86)\Java\jdk1.7.0_15\jre"/>
    <property name="sun.java.command" value="org.codehaus.plexus.classworlds.launcher.Launcher -Dtest=PdrzhLoginNGTest test-compile surefire:test"/>
    <property name="java.specification.vendor" value="Oracle Corporation"/>
    <property name="user.language" value="en"/>
    <property name="awt.toolkit" value="sun.awt.windows.WToolkit"/>
    <property name="java.vm.info" value="mixed mode, sharing"/>
    <property name="java.version" value="1.7.0_15"/>
    <property name="java.ext.dirs" value="C:\Program Files (x86)\Java\jdk1.7.0_15\jre\lib\ext;C:\WINDOWS\Sun\Java\lib\ext"/>
    <property name="sun.boot.class.path" value="C:\Program Files (x86)\Java\jdk1.7.0_15\jre\lib\resources.jar;C:\Program Files (x86)\Java\jdk1.7.0_15\jre\lib\rt.jar;C:\Program Files (x86)\Java\jdk1.7.0_15\jre\lib\sunrsasign.jar;C:\Program Files (x86)\Java\jdk1.7.0_15\jre\lib\jsse.jar;C:\Program Files (x86)\Java\jdk1.7.0_15\jre\lib\jce.jar;C:\Program Files (x86)\Java\jdk1.7.0_15\jre\lib\charsets.jar;C:\Program Files (x86)\Java\jdk1.7.0_15\jre\lib\jfr.jar;C:\Program Files (x86)\Java\jdk1.7.0_15\jre\classes"/>
    <property name="java.vendor" value="Oracle Corporation"/>
    <property name="maven.home" value="C:\Program Files (x86)\NetBeans 7.3.1\java\maven"/>
    <property name="file.separator" value="\"/>
    <property name="java.vendor.url.bug" value="http://bugreport.sun.com/bugreport/"/>
    <property name="sun.cpu.endian" value="little"/>
    <property name="sun.io.unicode.encoding" value="UnicodeLittle"/>
    <property name="sun.desktop" value="windows"/>
    <property name="sun.cpu.isalist" value="pentium_pro+mmx pentium_pro pentium+mmx pentium i486 i386 i86"/>
  </properties>
  <testcase time="0.013" classname="PdrzhLoginNGTest" name="testCleanup">
    <failure type="java.lang.NullPointerException">java.lang.NullPointerException
	at PdrzhLogin.cleanup(PdrzhLogin.java:231)
	at PdrzhLoginNGTest.testCleanup(PdrzhLoginNGTest.java:155)
</failure>
    <system-out>cleanup
</system-out>
  </testcase>
  <testcase time="0.005" classname="PdrzhLoginNGTest" name="testInput_new_car_value">
    <failure type="java.lang.NullPointerException">java.lang.NullPointerException
	at PdrzhLogin.input_new_car_value(PdrzhLogin.java:123)
	at PdrzhLoginNGTest.testInput_new_car_value(PdrzhLoginNGTest.java:101)
</failure>
    <system-out>input_new_car_value
</system-out>
  </testcase>
  <testcase time="0.002" classname="PdrzhLoginNGTest" name="testLogin">
    <failure type="java.lang.NullPointerException">java.lang.NullPointerException
	at PdrzhLogin.login(PdrzhLogin.java:60)
	at PdrzhLoginNGTest.testLogin(PdrzhLoginNGTest.java:59)
</failure>
    <system-out>login
</system-out>
  </testcase>
  <testcase time="0" classname="PdrzhLoginNGTest" name="testLogout">
    <failure type="java.lang.NullPointerException">java.lang.NullPointerException
	at PdrzhLogin.logout(PdrzhLogin.java:219)
	at PdrzhLoginNGTest.testLogout(PdrzhLoginNGTest.java:143)
</failure>
    <system-out>logout
</system-out>
  </testcase>
  <testcase time="0.001" classname="PdrzhLoginNGTest" name="testOpen_edit_profile">
    <failure type="java.lang.NullPointerException">java.lang.NullPointerException
	at PdrzhLogin.open_edit_profile(PdrzhLogin.java:89)
	at PdrzhLoginNGTest.testOpen_edit_profile(PdrzhLoginNGTest.java:71)
</failure>
    <system-out>open_edit_profile
</system-out>
  </testcase>
  <testcase time="0.001" classname="PdrzhLoginNGTest" name="testOpen_register_car_page">
    <failure type="java.lang.NullPointerException">java.lang.NullPointerException
	at PdrzhLogin.open_register_car_page(PdrzhLogin.java:106)
	at PdrzhLoginNGTest.testOpen_register_car_page(PdrzhLoginNGTest.java:83)
</failure>
    <system-out>open_register_car_page
</system-out>
  </testcase>
  <testcase time="10.143" classname="PdrzhLoginNGTest" name="testOpen_start_page">
    <failure message="The test case is a prototype." type="java.lang.AssertionError">java.lang.AssertionError: The test case is a prototype.
	at org.testng.Assert.fail(Assert.java:94)
	at PdrzhLoginNGTest.testOpen_start_page(PdrzhLoginNGTest.java:47)
</failure>
    <system-out>open_start_page
[LOG] Start page open
</system-out>
  </testcase>
  <testcase time="0" classname="PdrzhLoginNGTest" name="testRegister_car">
    <failure type="java.lang.NullPointerException">java.lang.NullPointerException
	at PdrzhLogin.register_car(PdrzhLogin.java:155)
	at PdrzhLoginNGTest.testRegister_car(PdrzhLoginNGTest.java:119)
</failure>
    <system-out>register_car
</system-out>
  </testcase>
  <testcase time="0" classname="PdrzhLoginNGTest" name="testRemove_car">
    <failure type="java.lang.NullPointerException">java.lang.NullPointerException
	at PdrzhLogin.remove_car(PdrzhLogin.java:205)
	at PdrzhLoginNGTest.testRemove_car(PdrzhLoginNGTest.java:131)
</failure>
    <system-out>remove_car
</system-out>
  </testcase>
</testsuite>