<?xml version="1.0" encoding="UTF-8"?>
<!-- Generated by org.testng.reporters.JUnitReportReporter -->
<testsuite hostname="EPUAKYIW0450" name="com.epam.pdrzh.webdriver.tests.NewCarTest" tests="1" failures="0" timestamp="21 Mar 2014 15:51:26 GMT" time="21.788" errors="0">
  <testcase name="newCarTest" time="21.788" classname="com.epam.pdrzh.webdriver.tests.NewCarTest"/>
</testsuite> <!-- com.epam.pdrzh.webdriver.tests.NewCarTest -->
